\BOOKMARK [1][-]{section*.2}{前言}{}% 1
\BOOKMARK [1][-]{section*.3}{Pandoc 手冊}{}% 2
\BOOKMARK [1][-]{section*.4}{協同產品設計實習專案\(2ag1\)}{}% 3
\BOOKMARK [2][-]{section*.5}{組員}{section*.4}% 4
\BOOKMARK [2][-]{section*.6}{w8考試}{section*.4}% 5
\BOOKMARK [2][-]{section*.7}{w9考試}{section*.4}% 6
\BOOKMARK [2][-]{section*.8}{w12}{section*.4}% 7
\BOOKMARK [2][-]{section*.9}{w13}{section*.4}% 8
\BOOKMARK [2][-]{section*.10}{w14}{section*.4}% 9
\BOOKMARK [1][-]{section*.11}{網際鼓式煞車設計\(2ag2\)}{}% 10
\BOOKMARK [1][-]{section*.12}{程式設計架構}{}% 11
\BOOKMARK [1][-]{section*.13}{結果與討論}{}% 12
\BOOKMARK [1][-]{section*.14}{W12任務\(2ag3\)}{}% 13
\BOOKMARK [1][-]{section*.15}{摘要報告}{}% 14
\BOOKMARK [1][-]{section*.16}{網際鼓式煞車設計\(2ag4\)}{}% 15
\BOOKMARK [1][-]{section*.17}{協同產品設計實習\(cdag6\)}{}% 16
\BOOKMARK [1][-]{section*.18}{網際鼓式煞車設計\(2ag7\)}{}% 17
\BOOKMARK [1][-]{section*.19}{程式設計架構}{}% 18
\BOOKMARK [1][-]{section*.20}{結果與討論}{}% 19
\BOOKMARK [1][-]{section*.21}{網際鼓式煞車設計\(2ag8\)}{}% 20
\BOOKMARK [1][-]{section*.22}{程式碼}{}% 21
\BOOKMARK [1][-]{section*.23}{協同產品設計實習\(cdag9\)}{}% 22
\BOOKMARK [1][-]{section*.24}{cd2ag10報告\(2ag10\)}{}% 23
\BOOKMARK [1][-]{section*.25}{第十組組員\(2ag10\)}{}% 24
\BOOKMARK [1][-]{section*.26}{第八週考試摘要\(2ag10\)}{}% 25
\BOOKMARK [1][-]{section*.27}{第八週報告\(2ag10\)}{}% 26
\BOOKMARK [1][-]{section*.28}{第九週考試摘要\(2ag10\)}{}% 27
\BOOKMARK [1][-]{section*.29}{第九週報告\(2ag10\)}{}% 28
\BOOKMARK [1][-]{section*.30}{第十二週報告\(2ag10\)}{}% 29
\BOOKMARK [1][-]{section*.31}{第十二週評分\(2ag10\)}{}% 30
\BOOKMARK [1][-]{section*.32}{第十三週考試\(2ag10\)}{}% 31
\BOOKMARK [1][-]{section*.33}{第十三週報告\(2ag10\)}{}% 32
\BOOKMARK [1][-]{section*.34}{第十三週評分\(2ag10\)}{}% 33
\BOOKMARK [1][-]{section*.35}{網際鼓式煞車設計\(2ag11\)}{}% 34
\BOOKMARK [1][-]{section*.36}{程式設計架構}{}% 35
\BOOKMARK [1][-]{section*.37}{結果與討論}{}% 36
\BOOKMARK [1][-]{section*.38}{網際鼓式煞車設計\(2ag12\)}{}% 37
\BOOKMARK [1][-]{section*.39}{程式設計架構}{}% 38
\BOOKMARK [1][-]{section*.40}{結果與討論}{}% 39
\BOOKMARK [1][-]{section*.41}{協同產品設計實習專案\(2ag13\)}{}% 40
\BOOKMARK [2][-]{section*.42}{組員：}{section*.41}% 41
\BOOKMARK [1][-]{section*.43}{協同產品設計實習專案\(2ag14\)}{}% 42
\BOOKMARK [1][-]{section*.44}{網際鼓式煞車設計\(2ag15\)}{}% 43
\BOOKMARK [1][-]{section*.45}{程式設計架構}{}% 44
\BOOKMARK [1][-]{section*.46}{結果與討論}{}% 45
\BOOKMARK [1][-]{section*.47}{網際鼓式煞車設計\(2ag16\)}{}% 46
\BOOKMARK [1][-]{section*.48}{程式設計架構}{}% 47
\BOOKMARK [1][-]{section*.49}{結果與討論}{}% 48
\BOOKMARK [1][-]{section*.50}{第八週摘要報告}{}% 49
\BOOKMARK [1][-]{section*.51}{第九週摘要報告}{}% 50
\BOOKMARK [1][-]{section*.52}{網際 OpenJSCAD 程式設計\(coursemdetw\)}{}% 51
\BOOKMARK [1][-]{section*.53}{設計程式架構}{}% 52
\BOOKMARK [1][-]{section*.54}{結果與討論}{}% 53
